# JRE version: Java(TM) SE Runtime Environment (8.0_45-b15) (build 1.8.0_45-b15)
# Java VM: Java HotSpot(TM) 64-Bit Server VM (25.45-b02 mixed mode windows-amd64 compressed oops)
Heap:
 PSYoungGen      total 283136K, used 228352K [0x00000000eab00000, 0x00000000ff600000, 0x0000000100000000)
  eden space 228352K, 100% used [0x00000000eab00000,0x00000000f8a00000,0x00000000f8a00000)
  from space 54784K, 0% used [0x00000000fc080000,0x00000000fc080000,0x00000000ff600000)
  to   space 55296K, 0% used [0x00000000f8a00000,0x00000000f8a00000,0x00000000fc000000)
 ParOldGen       total 243712K, used 154336K [0x00000000c0000000, 0x00000000cee00000, 0x00000000eab00000)
  object space 243712K, 63% used [0x00000000c0000000,0x00000000c96b81f0,0x00000000cee00000)
 Metaspace       used 126617K, capacity 133624K, committed 133888K, reserved 1163264K
  class space    used 17829K, capacity 20424K, committed 20480K, reserved 1048576K
GC Heap History (10 events):
Event: 3587.025 GC heap before
{Heap before GC invocations=41 (full 11):
 PSYoungGen      total 276992K, used 69196K [0x00000000eab00000, 0x00000000ff880000, 0x0000000100000000)
  eden space 222208K, 10% used [0x00000000eab00000,0x00000000ec22d4c0,0x00000000f8400000)
  from space 54784K, 82% used [0x00000000f8400000,0x00000000fb065ee8,0x00000000fb980000)
  to   space 57856K, 0% used [0x00000000fc000000,0x00000000fc000000,0x00000000ff880000)
 ParOldGen       total 243712K, used 118099K [0x00000000c0000000, 0x00000000cee00000, 0x00000000eab00000)
  object space 243712K, 48% used [0x00000000c0000000,0x00000000c7354e80,0x00000000cee00000)
 Metaspace       used 110224K, capacity 115922K, committed 116096K, reserved 1146880K
  class space    used 15480K, capacity 17664K, committed 17792K, reserved 1048576K
Event: 3587.072 GC heap after
Heap after GC invocations=41 (full 11):
 PSYoungGen      total 283648K, used 37354K [0x00000000eab00000, 0x00000000ff880000, 0x0000000100000000)
  eden space 225792K, 0% used [0x00000000eab00000,0x00000000eab00000,0x00000000f8780000)
  from space 57856K, 64% used [0x00000000fc000000,0x00000000fe47a8a8,0x00000000ff880000)
  to   space 57856K, 0% used [0x00000000f8780000,0x00000000f8780000,0x00000000fc000000)
 ParOldGen       total 243712K, used 118107K [0x00000000c0000000, 0x00000000cee00000, 0x00000000eab00000)
  object space 243712K, 48% used [0x00000000c0000000,0x00000000c7356e80,0x00000000cee00000)
 Metaspace       used 110224K, capacity 115922K, committed 116096K, reserved 1146880K
  class space    used 15480K, capacity 17664K, committed 17792K, reserved 1048576K
}
Event: 3587.072 GC heap before
{Heap before GC invocations=42 (full 12):
 PSYoungGen      total 283648K, used 37354K [0x00000000eab00000, 0x00000000ff880000, 0x0000000100000000)
  eden space 225792K, 0% used [0x00000000eab00000,0x00000000eab00000,0x00000000f8780000)
  from space 57856K, 64% used [0x00000000fc000000,0x00000000fe47a8a8,0x00000000ff880000)
  to   space 57856K, 0% used [0x00000000f8780000,0x00000000f8780000,0x00000000fc000000)
 ParOldGen       total 243712K, used 118107K [0x00000000c0000000, 0x00000000cee00000, 0x00000000eab00000)
  object space 243712K, 48% used [0x00000000c0000000,0x00000000c7356e80,0x00000000cee00000)
 Metaspace       used 110224K, capacity 115922K, committed 116096K, reserved 1146880K
  class space    used 15480K, capacity 17664K, committed 17792K, reserved 1048576K
Event: 3587.677 GC heap after
Heap after GC invocations=42 (full 12):
 PSYoungGen      total 283648K, used 0K [0x00000000eab00000, 0x00000000ff880000, 0x0000000100000000)
  eden space 225792K, 0% used [0x00000000eab00000,0x00000000eab00000,0x00000000f8780000)
  from space 57856K, 0% used [0x00000000fc000000,0x00000000fc000000,0x00000000ff880000)
  to   space 57856K, 0% used [0x00000000f8780000,0x00000000f8780000,0x00000000fc000000)
 ParOldGen       total 243712K, used 153229K [0x00000000c0000000, 0x00000000cee00000, 0x00000000eab00000)
  object space 243712K, 62% used [0x00000000c0000000,0x00000000c95a3700,0x00000000cee00000)
 Metaspace       used 110224K, capacity 115922K, committed 116096K, reserved 1146880K
  class space    used 15480K, capacity 17664K, committed 17792K, reserved 1048576K
}
Event: 3716.684 GC heap before
{Heap before GC invocations=43 (full 12):
 PSYoungGen      total 283648K, used 225792K [0x00000000eab00000, 0x00000000ff880000, 0x0000000100000000)
  eden space 225792K, 100% used [0x00000000eab00000,0x00000000f8780000,0x00000000f8780000)
  from space 57856K, 0% used [0x00000000fc000000,0x00000000fc000000,0x00000000ff880000)
  to   space 57856K, 0% used [0x00000000f8780000,0x00000000f8780000,0x00000000fc000000)
 ParOldGen       total 243712K, used 153229K [0x00000000c0000000, 0x00000000cee00000, 0x00000000eab00000)
  object space 243712K, 62% used [0x00000000c0000000,0x00000000c95a3700,0x00000000cee00000)
 Metaspace       used 118438K, capacity 124758K, committed 124928K, reserved 1155072K
  class space    used 16713K, capacity 19175K, committed 19200K, reserved 1048576K
Event: 3716.705 GC heap after
Heap after GC invocations=43 (full 12):
 PSYoungGen      total 283648K, used 28755K [0x00000000eab00000, 0x00000000ff700000, 0x0000000100000000)
  eden space 225792K, 0% used [0x00000000eab00000,0x00000000eab00000,0x00000000f8780000)
  from space 57856K, 49% used [0x00000000f8780000,0x00000000fa394f00,0x00000000fc000000)
  to   space 55808K, 0% used [0x00000000fc080000,0x00000000fc080000,0x00000000ff700000)
 ParOldGen       total 243712K, used 153237K [0x00000000c0000000, 0x00000000cee00000, 0x00000000eab00000)
  object space 243712K, 62% used [0x00000000c0000000,0x00000000c95a5700,0x00000000cee00000)
 Metaspace       used 118438K, capacity 124758K, committed 124928K, reserved 1155072K
  class space    used 16713K, capacity 19175K, committed 19200K, reserved 1048576K
}
Event: 3716.769 GC heap before
{Heap before GC invocations=44 (full 12):
 PSYoungGen      total 283648K, used 37214K [0x00000000eab00000, 0x00000000ff700000, 0x0000000100000000)
  eden space 225792K, 3% used [0x00000000eab00000,0x00000000eb342b50,0x00000000f8780000)
  from space 57856K, 49% used [0x00000000f8780000,0x00000000fa394f00,0x00000000fc000000)
  to   space 55808K, 0% used [0x00000000fc080000,0x00000000fc080000,0x00000000ff700000)
 ParOldGen       total 243712K, used 153237K [0x00000000c0000000, 0x00000000cee00000, 0x00000000eab00000)
  object space 243712K, 62% used [0x00000000c0000000,0x00000000c95a5700,0x00000000cee00000)
 Metaspace       used 118918K, capacity 125206K, committed 125312K, reserved 1155072K
  class space    used 16786K, capacity 19239K, committed 19328K, reserved 1048576K
Event: 3716.782 GC heap after
Heap after GC invocations=44 (full 12):
 PSYoungGen      total 283136K, used 18962K [0x00000000eab00000, 0x00000000ff600000, 0x0000000100000000)
  eden space 228352K, 0% used [0x00000000eab00000,0x00000000eab00000,0x00000000f8a00000)
  from space 54784K, 34% used [0x00000000fc080000,0x00000000fd304ad8,0x00000000ff600000)
  to   space 55296K, 0% used [0x00000000f8a00000,0x00000000f8a00000,0x00000000fc000000)
 ParOldGen       total 243712K, used 153245K [0x00000000c0000000, 0x00000000cee00000, 0x00000000eab00000)
  object space 243712K, 62% used [0x00000000c0000000,0x00000000c95a7700,0x00000000cee00000)
 Metaspace       used 118918K, capacity 125206K, committed 125312K, reserved 1155072K
  class space    used 16786K, capacity 19239K, committed 19328K, reserved 1048576K
}
Event: 3716.782 GC heap before
{Heap before GC invocations=45 (full 13):
 PSYoungGen      total 283136K, used 18962K [0x00000000eab00000, 0x00000000ff600000, 0x0000000100000000)
  eden space 228352K, 0% used [0x00000000eab00000,0x00000000eab00000,0x00000000f8a00000)
  from space 54784K, 34% used [0x00000000fc080000,0x00000000fd304ad8,0x00000000ff600000)
  to   space 55296K, 0% used [0x00000000f8a00000,0x00000000f8a00000,0x00000000fc000000)
 ParOldGen       total 243712K, used 153245K [0x00000000c0000000, 0x00000000cee00000, 0x00000000eab00000)
  object space 243712K, 62% used [0x00000000c0000000,0x00000000c95a7700,0x00000000cee00000)
 Metaspace       used 118918K, capacity 125206K, committed 125312K, reserved 1155072K
  class space    used 16786K, capacity 19239K, committed 19328K, reserved 1048576K
Event: 3717.210 GC heap after
Heap after GC invocations=45 (full 13):
 PSYoungGen      total 283136K, used 0K [0x00000000eab00000, 0x00000000ff600000, 0x0000000100000000)
  eden space 228352K, 0% used [0x00000000eab00000,0x00000000eab00000,0x00000000f8a00000)
  from space 54784K, 0% used [0x00000000fc080000,0x00000000fc080000,0x00000000ff600000)
  to   space 55296K, 0% used [0x00000000f8a00000,0x00000000f8a00000,0x00000000fc000000)
 ParOldGen       total 243712K, used 154336K [0x00000000c0000000, 0x00000000cee00000, 0x00000000eab00000)
  object space 243712K, 63% used [0x00000000c0000000,0x00000000c96b81f0,0x00000000cee00000)
 Metaspace       used 118552K, capacity 124500K, committed 125312K, reserved 1155072K
  class space    used 16627K, capacity 18920K, committed 19328K, reserved 1048576K
}

