# JRE version: Java(TM) SE Runtime Environment (8.0_45-b15) (build 1.8.0_45-b15)
# Java VM: Java HotSpot(TM) 64-Bit Server VM (25.45-b02 mixed mode windows-amd64 compressed oops)
Heap:
 PSYoungGen      total 257024K, used 179848K [0x00000000eab00000, 0x00000000ff900000, 0x0000000100000000)
  eden space 180224K, 82% used [0x00000000eab00000,0x00000000f3c07110,0x00000000f5b00000)
  from space 76800K, 40% used [0x00000000fae00000,0x00000000fcc9b030,0x00000000ff900000)
  to   space 80896K, 0% used [0x00000000f5b00000,0x00000000f5b00000,0x00000000faa00000)
 ParOldGen       total 330240K, used 193121K [0x00000000c0000000, 0x00000000d4280000, 0x00000000eab00000)
  object space 330240K, 58% used [0x00000000c0000000,0x00000000cbc984f8,0x00000000d4280000)
 Metaspace       used 133949K, capacity 142112K, committed 232448K, reserved 1243136K
  class space    used 18907K, capacity 21907K, committed 38912K, reserved 1048576K
GC Heap History (10 events):
Event: 2302.671 GC heap before
{Heap before GC invocations=54 (full 16):
 PSYoungGen      total 283136K, used 92378K [0x00000000eab00000, 0x0000000100000000, 0x0000000100000000)
  eden space 217088K, 12% used [0x00000000eab00000,0x00000000ec4bb5c8,0x00000000f7f00000)
  from space 66048K, 99% used [0x00000000f7f00000,0x00000000fbf7b588,0x00000000fbf80000)
  to   space 66048K, 0% used [0x00000000fbf80000,0x00000000fbf80000,0x0000000100000000)
 ParOldGen       total 285184K, used 240518K [0x00000000c0000000, 0x00000000d1680000, 0x00000000eab00000)
  object space 285184K, 84% used [0x00000000c0000000,0x00000000ceae19f0,0x00000000d1680000)
 Metaspace       used 242261K, capacity 253996K, committed 254720K, reserved 1265664K
  class space    used 34233K, capacity 38441K, committed 38912K, reserved 1048576K
Event: 2302.707 GC heap after
Heap after GC invocations=54 (full 16):
 PSYoungGen      total 245248K, used 65570K [0x00000000eab00000, 0x0000000100000000, 0x0000000100000000)
  eden space 179200K, 0% used [0x00000000eab00000,0x00000000eab00000,0x00000000f5a00000)
  from space 66048K, 99% used [0x00000000fbf80000,0x00000000fff88a88,0x0000000100000000)
  to   space 84992K, 0% used [0x00000000f5a00000,0x00000000f5a00000,0x00000000fad00000)
 ParOldGen       total 285184K, used 240518K [0x00000000c0000000, 0x00000000d1680000, 0x00000000eab00000)
  object space 285184K, 84% used [0x00000000c0000000,0x00000000ceae19f0,0x00000000d1680000)
 Metaspace       used 242261K, capacity 253996K, committed 254720K, reserved 1265664K
  class space    used 34233K, capacity 38441K, committed 38912K, reserved 1048576K
}
Event: 2302.707 GC heap before
{Heap before GC invocations=55 (full 17):
 PSYoungGen      total 245248K, used 65570K [0x00000000eab00000, 0x0000000100000000, 0x0000000100000000)
  eden space 179200K, 0% used [0x00000000eab00000,0x00000000eab00000,0x00000000f5a00000)
  from space 66048K, 99% used [0x00000000fbf80000,0x00000000fff88a88,0x0000000100000000)
  to   space 84992K, 0% used [0x00000000f5a00000,0x00000000f5a00000,0x00000000fad00000)
 ParOldGen       total 285184K, used 240518K [0x00000000c0000000, 0x00000000d1680000, 0x00000000eab00000)
  object space 285184K, 84% used [0x00000000c0000000,0x00000000ceae19f0,0x00000000d1680000)
 Metaspace       used 242261K, capacity 253996K, committed 254720K, reserved 1265664K
  class space    used 34233K, capacity 38441K, committed 38912K, reserved 1048576K
Event: 2303.318 GC heap after
Heap after GC invocations=55 (full 17):
 PSYoungGen      total 245248K, used 0K [0x00000000eab00000, 0x0000000100000000, 0x0000000100000000)
  eden space 179200K, 0% used [0x00000000eab00000,0x00000000eab00000,0x00000000f5a00000)
  from space 66048K, 0% used [0x00000000fbf80000,0x00000000fbf80000,0x0000000100000000)
  to   space 84992K, 0% used [0x00000000f5a00000,0x00000000f5a00000,0x00000000fad00000)
 ParOldGen       total 285184K, used 266024K [0x00000000c0000000, 0x00000000d1680000, 0x00000000eab00000)
  object space 285184K, 93% used [0x00000000c0000000,0x00000000d03ca320,0x00000000d1680000)
 Metaspace       used 126948K, capacity 134376K, committed 236288K, reserved 1247232K
  class space    used 17900K, capacity 20585K, committed 38912K, reserved 1048576K
}
Event: 2321.788 GC heap before
{Heap before GC invocations=56 (full 18):
 PSYoungGen      total 245248K, used 179200K [0x00000000eab00000, 0x0000000100000000, 0x0000000100000000)
  eden space 179200K, 100% used [0x00000000eab00000,0x00000000f5a00000,0x00000000f5a00000)
  from space 66048K, 0% used [0x00000000fbf80000,0x00000000fbf80000,0x0000000100000000)
  to   space 84992K, 0% used [0x00000000f5a00000,0x00000000f5a00000,0x00000000fad00000)
 ParOldGen       total 285184K, used 266024K [0x00000000c0000000, 0x00000000d1680000, 0x00000000eab00000)
  object space 285184K, 93% used [0x00000000c0000000,0x00000000d03ca320,0x00000000d1680000)
 Metaspace       used 133889K, capacity 141802K, committed 236288K, reserved 1247232K
  class space    used 18912K, capacity 21786K, committed 38912K, reserved 1048576K
Event: 2322.072 GC heap after
Heap after GC invocations=56 (full 18):
 PSYoungGen      total 245248K, used 0K [0x00000000eab00000, 0x0000000100000000, 0x0000000100000000)
  eden space 179200K, 0% used [0x00000000eab00000,0x00000000eab00000,0x00000000f5a00000)
  from space 66048K, 0% used [0x00000000fbf80000,0x00000000fbf80000,0x0000000100000000)
  to   space 84992K, 0% used [0x00000000f5a00000,0x00000000f5a00000,0x00000000fad00000)
 ParOldGen       total 330240K, used 193105K [0x00000000c0000000, 0x00000000d4280000, 0x00000000eab00000)
  object space 330240K, 58% used [0x00000000c0000000,0x00000000cbc944f8,0x00000000d4280000)
 Metaspace       used 116638K, capacity 123356K, committed 232192K, reserved 1243136K
  class space    used 16309K, capacity 18704K, committed 38912K, reserved 1048576K
}
Event: 2399.646 GC heap before
{Heap before GC invocations=57 (full 18):
 PSYoungGen      total 245248K, used 179200K [0x00000000eab00000, 0x0000000100000000, 0x0000000100000000)
  eden space 179200K, 100% used [0x00000000eab00000,0x00000000f5a00000,0x00000000f5a00000)
  from space 66048K, 0% used [0x00000000fbf80000,0x00000000fbf80000,0x0000000100000000)
  to   space 84992K, 0% used [0x00000000f5a00000,0x00000000f5a00000,0x00000000fad00000)
 ParOldGen       total 330240K, used 193105K [0x00000000c0000000, 0x00000000d4280000, 0x00000000eab00000)
  object space 330240K, 58% used [0x00000000c0000000,0x00000000cbc944f8,0x00000000d4280000)
 Metaspace       used 124721K, capacity 132034K, committed 232448K, reserved 1243136K
  class space    used 17533K, capacity 20216K, committed 38912K, reserved 1048576K
Event: 2399.662 GC heap after
Heap after GC invocations=57 (full 18):
 PSYoungGen      total 264192K, used 22925K [0x00000000eab00000, 0x0000000100000000, 0x0000000100000000)
  eden space 179200K, 0% used [0x00000000eab00000,0x00000000eab00000,0x00000000f5a00000)
  from space 84992K, 26% used [0x00000000f5a00000,0x00000000f7063738,0x00000000fad00000)
  to   space 83968K, 0% used [0x00000000fae00000,0x00000000fae00000,0x0000000100000000)
 ParOldGen       total 330240K, used 193113K [0x00000000c0000000, 0x00000000d4280000, 0x00000000eab00000)
  object space 330240K, 58% used [0x00000000c0000000,0x00000000cbc964f8,0x00000000d4280000)
 Metaspace       used 124721K, capacity 132034K, committed 232448K, reserved 1243136K
  class space    used 17533K, capacity 20216K, committed 38912K, reserved 1048576K
}
Event: 2429.100 GC heap before
{Heap before GC invocations=58 (full 18):
 PSYoungGen      total 264192K, used 202125K [0x00000000eab00000, 0x0000000100000000, 0x0000000100000000)
  eden space 179200K, 100% used [0x00000000eab00000,0x00000000f5a00000,0x00000000f5a00000)
  from space 84992K, 26% used [0x00000000f5a00000,0x00000000f7063738,0x00000000fad00000)
  to   space 83968K, 0% used [0x00000000fae00000,0x00000000fae00000,0x0000000100000000)
 ParOldGen       total 330240K, used 193113K [0x00000000c0000000, 0x00000000d4280000, 0x00000000eab00000)
  object space 330240K, 58% used [0x00000000c0000000,0x00000000cbc964f8,0x00000000d4280000)
 Metaspace       used 129388K, capacity 137330K, committed 232448K, reserved 1243136K
  class space    used 18194K, capacity 21093K, committed 38912K, reserved 1048576K
Event: 2429.119 GC heap after
Heap after GC invocations=58 (full 18):
 PSYoungGen      total 257024K, used 31340K [0x00000000eab00000, 0x00000000ff900000, 0x0000000100000000)
  eden space 180224K, 0% used [0x00000000eab00000,0x00000000eab00000,0x00000000f5b00000)
  from space 76800K, 40% used [0x00000000fae00000,0x00000000fcc9b030,0x00000000ff900000)
  to   space 80896K, 0% used [0x00000000f5b00000,0x00000000f5b00000,0x00000000faa00000)
 ParOldGen       total 330240K, used 193121K [0x00000000c0000000, 0x00000000d4280000, 0x00000000eab00000)
  object space 330240K, 58% used [0x00000000c0000000,0x00000000cbc984f8,0x00000000d4280000)
 Metaspace       used 129388K, capacity 137330K, committed 232448K, reserved 1243136K
  class space    used 18194K, capacity 21093K, committed 38912K, reserved 1048576K
}

